<html>
<head>
<title>TestNG:  Default test</title>
<link href="../testng.css" rel="stylesheet" type="text/css" />
<link href="../my-testng.css" rel="stylesheet" type="text/css" />

<style type="text/css">
.log { display: none;} 
.stack-trace { display: none;} 
</style>
<script type="text/javascript">
<!--
function flip(e) {
  current = e.style.display;
  if (current == 'block') {
    e.style.display = 'none';
    return 0;
  }
  else {
    e.style.display = 'block';
    return 1;
  }
}

function toggleBox(szDivId, elem, msg1, msg2)
{
  var res = -1;  if (document.getElementById) {
    res = flip(document.getElementById(szDivId));
  }
  else if (document.all) {
    // this is the way old msie versions work
    res = flip(document.all[szDivId]);
  }
  if(elem) {
    if(res == 0) elem.innerHTML = msg1; else elem.innerHTML = msg2;
  }

}

function toggleAllBoxes() {
  if (document.getElementsByTagName) {
    d = document.getElementsByTagName('div');
    for (i = 0; i < d.length; i++) {
      if (d[i].className == 'log') {
        flip(d[i]);
      }
    }
  }
}

// -->
</script>

</head>
<body>
<h2 align='center'>Default test</h2><table border='1' align="center">
<tr>
<td>Tests passed/Failed/Skipped:</td><td>0/1/0</td>
</tr><tr>
<td>Started on:</td><td>Tue Jul 28 13:45:47 IST 2020</td>
</tr>
<tr><td>Total time:</td><td>11 seconds (11118 ms)</td>
</tr><tr>
<td>Included groups:</td><td></td>
</tr><tr>
<td>Excluded groups:</td><td></td>
</tr>
</table><p/>
<small><i>(Hover the method name to see the test class name)</i></small><p/>
<table width='100%' border='1' class='invocation-failed'>
<tr><td colspan='4' align='center'><b>FAILED TESTS</b></td></tr>
<tr><td><b>Test method</b></td>
<td width="30%"><b>Exception</b></td>
<td width="10%"><b>Time (seconds)</b></td>
<td><b>Instance</b></td>
</tr>
<tr>
<td title='com.smarteinc.api.tests.PEAPI_Modes.verify_DGMode()'><b>verify_DGMode</b><br>Test class: com.smarteinc.api.tests.PEAPI_Modes<br/>
<a href="#Output-2031951755" onClick='toggleBox("Output-2031951755", this, "Show output", "Hide output");'>Show output</a>

<a href="#Output-2031951755" onClick="toggleAllBoxes();">Show all outputs</a>
<div class='log' id="Output-2031951755">
Creating cell<br/>
Updated Fail Successfully in Col No : 19 and Row No : 1<br/>
Creating cell<br/>
Updated Row Id : 2,conGUIDRow Id : 2,compGUIDRow Id : 2,conEmailRow Id : 4,conGUIDRow Id : 4,compGUIDRow Id : 4,conEmailRow Id : 6,conGUIDRow Id : 6,compGUIDRow Id : 6,conEmailRow Id : 8,conGUIDRow Id : 8,compGUIDRow Id : 8,conEmailRow Id : 10,conGUIDRow Id : 10,compGUIDRow Id : 10,conEmailRow Id : 10,conEmailStatusRow Id : 11,conEmailRow Id : 11,conEmailStatusRow Id : 12,conGUIDRow Id : 12,compGUIDRow Id : 12,conEmailRow Id : 12,conEmailStatusRow Id : 14,conGUIDRow Id : 14,compGUIDRow Id : 14,conEmailRow Id : 14,conEmailStatusRow Id : 15,conEmailRow Id : 15,conEmailStatusRow Id : 16,conGUIDRow Id : 16,compGUIDRow Id : 16,conEmailRow Id : 16,conEmailStatus Successfully in Col No : 20 and Row No : 1<br/>
Creating cell<br/>
Updated Fail Successfully in Col No : 19 and Row No : 2<br/>
Creating cell<br/>
Updated Row Id : 2,conGUIDRow Id : 2,compGUIDRow Id : 2,conEmailRow Id : 4,conGUIDRow Id : 4,compGUIDRow Id : 4,conEmailRow Id : 6,conGUIDRow Id : 6,compGUIDRow Id : 6,conEmailRow Id : 8,conGUIDRow Id : 8,compGUIDRow Id : 8,conEmailRow Id : 10,conGUIDRow Id : 10,compGUIDRow Id : 10,conEmailRow Id : 10,conEmailStatusRow Id : 11,conEmailRow Id : 11,conEmailStatusRow Id : 12,conGUIDRow Id : 12,compGUIDRow Id : 12,conEmailRow Id : 12,conEmailStatusRow Id : 14,conGUIDRow Id : 14,compGUIDRow Id : 14,conEmailRow Id : 14,conEmailStatusRow Id : 15,conEmailRow Id : 15,conEmailStatusRow Id : 16,conGUIDRow Id : 16,compGUIDRow Id : 16,conEmailRow Id : 16,conEmailStatus Successfully in Col No : 20 and Row No : 2<br/>
Successfuly saved file to : /C:/Code/Automation_Sanity/com.smarteinc.automation/target/test-classes/TestData/Mode/NewPEAPI_client.xlsx<br/>
java.lang.AssertionError: Rule test has failed<br/>
</div>
</td>
<td><div><pre>java.lang.AssertionError: Rule test has failed
	at org.testng.Assert.fail(Assert.java:96)
	at com.smarteinc.workflow.PEAPI_Mode.verifyPEAPIMode(PEAPI_Mode.java:147)
	at com.smarteinc.api.tests.PEAPI_Modes.verify_DGMode(PEAPI_Modes.java:200)
	at sun.reflect.NativeMethodAccessorImpl.invoke0(Native Method)
	at sun.reflect.NativeMethodAccessorImpl.invoke(Unknown Source)
	at sun.reflect.DelegatingMethodAccessorImpl.invoke(Unknown Source)
	at java.lang.reflect.Method.invoke(Unknown Source)
	at org.testng.internal.MethodInvocationHelper.invokeMethod(MethodInvocationHelper.java:124)
	at org.testng.internal.Invoker.invokeMethod(Invoker.java:583)
	at org.testng.internal.Invoker.invokeTestMethod(Invoker.java:719)
	at org.testng.internal.Invoker.invokeTestMethods(Invoker.java:989)
	at org.testng.internal.TestMethodWorker.invokeTestMethods(TestMethodWorker.java:125)
	at org.testng.internal.TestMethodWorker.run(TestMethodWorker.java:109)
	at org.testng.TestRunner.privateRun(TestRunner.java:648)
	at org.testng.TestRunner.run(TestRunner.java:505)
	at org.testng.SuiteRunner.runTest(SuiteRunner.java:455)
	at org.testng.SuiteRunner.runSequentially(SuiteRunner.java:450)
	at org.testng.SuiteRunner.privateRun(SuiteRunner.java:415)
	at org.testng.SuiteRunner.run(SuiteRunner.java:364)
	at org.testng.SuiteRunnerWorker.runSuite(SuiteRunnerWorker.java:52)
	at org.testng.SuiteRunnerWorker.run(SuiteRunnerWorker.java:84)
	at org.testng.TestNG.runSuitesSequentially(TestNG.java:1208)
	at org.testng.TestNG.runSuitesLocally(TestNG.java:1137)
	at org.testng.TestNG.runSuites(TestNG.java:1049)
	at org.testng.TestNG.run(TestNG.java:1017)
	at org.testng.remote.AbstractRemoteTestNG.run(AbstractRemoteTestNG.java:114)
	at org.testng.remote.RemoteTestNG.initAndRun(RemoteTestNG.java:251)
	at org.testng.remote.RemoteTestNG.main(RemoteTestNG.java:77)
</pre></div><a href='#' onClick='toggleBox("stack-trace2031951755", this, "Click to show all stack frames", "Click to hide stack frames")'>Click to show all stack frames</a>
<div class='stack-trace' id='stack-trace2031951755'><pre>java.lang.AssertionError: Rule test has failed
	at org.testng.Assert.fail(Assert.java:96)
	at com.smarteinc.workflow.PEAPI_Mode.verifyPEAPIMode(PEAPI_Mode.java:147)
	at com.smarteinc.api.tests.PEAPI_Modes.verify_DGMode(PEAPI_Modes.java:200)
	at sun.reflect.NativeMethodAccessorImpl.invoke0(Native Method)
	at sun.reflect.NativeMethodAccessorImpl.invoke(Unknown Source)
	at sun.reflect.DelegatingMethodAccessorImpl.invoke(Unknown Source)
	at java.lang.reflect.Method.invoke(Unknown Source)
	at org.testng.internal.MethodInvocationHelper.invokeMethod(MethodInvocationHelper.java:124)
	at org.testng.internal.Invoker.invokeMethod(Invoker.java:583)
	at org.testng.internal.Invoker.invokeTestMethod(Invoker.java:719)
	at org.testng.internal.Invoker.invokeTestMethods(Invoker.java:989)
	at org.testng.internal.TestMethodWorker.invokeTestMethods(TestMethodWorker.java:125)
	at org.testng.internal.TestMethodWorker.run(TestMethodWorker.java:109)
	at org.testng.TestRunner.privateRun(TestRunner.java:648)
	at org.testng.TestRunner.run(TestRunner.java:505)
	at org.testng.SuiteRunner.runTest(SuiteRunner.java:455)
	at org.testng.SuiteRunner.runSequentially(SuiteRunner.java:450)
	at org.testng.SuiteRunner.privateRun(SuiteRunner.java:415)
	at org.testng.SuiteRunner.run(SuiteRunner.java:364)
	at org.testng.SuiteRunnerWorker.runSuite(SuiteRunnerWorker.java:52)
	at org.testng.SuiteRunnerWorker.run(SuiteRunnerWorker.java:84)
	at org.testng.TestNG.runSuitesSequentially(TestNG.java:1208)
	at org.testng.TestNG.runSuitesLocally(TestNG.java:1137)
	at org.testng.TestNG.runSuites(TestNG.java:1049)
	at org.testng.TestNG.run(TestNG.java:1017)
	at org.testng.remote.AbstractRemoteTestNG.run(AbstractRemoteTestNG.java:114)
	at org.testng.remote.RemoteTestNG.initAndRun(RemoteTestNG.java:251)
	at org.testng.remote.RemoteTestNG.main(RemoteTestNG.java:77)
</pre></div></td>
<td>11</td>
<td>com.smarteinc.api.tests.PEAPI_Modes@3232a28a</td></tr>
</table><p>
</body>
</html>