<?xml version="1.0" encoding="UTF-8"?>
<testng-results skipped="0" failed="2" ignored="0" total="2" passed="0">
  <reporter-output>
    <line>
      <![CDATA[Successfuly saved file to : C:/Users/Poonam Jha/poonam/com.smarteinc.automation/target/test-classes/TestData/MatchBack/NewCompMB-3.xlsx]]>
    </line>
    <line>
      <![CDATA[java.lang.AssertionError: PE API script has failed]]>
    </line>
    <line>
      <![CDATA[Successfuly saved file to : C:/Users/Poonam Jha/poonam/com.smarteinc.automation/target/test-classes/TestData/MatchBack/NewCompMB-2.xlsx]]>
    </line>
    <line>
      <![CDATA[java.lang.AssertionError: PE API script has failed]]>
    </line>
  </reporter-output>
  <suite name="Suite" duration-ms="29311" started-at="2020-01-26T04:57:57Z" finished-at="2020-01-26T04:58:26Z">
    <groups>
    </groups>
    <test name="Test" duration-ms="29311" started-at="2020-01-26T04:57:57Z" finished-at="2020-01-26T04:58:26Z">
      <class name="com.smarteinc.api.tests.MatchBackTest">
        <test-method status="PASS" signature="intializeManager()[pri:0, instance:com.smarteinc.api.tests.MatchBackTest@1169afe1]" name="intializeManager" is-config="true" duration-ms="24" started-at="2020-01-26T04:57:57Z" finished-at="2020-01-26T04:57:57Z">
          <reporter-output>
          </reporter-output>
        </test-method> <!-- intializeManager -->
        <test-method status="PASS" signature="beforeTest()[pri:0, instance:com.smarteinc.api.tests.MatchBackTest@1169afe1]" name="beforeTest" is-config="true" duration-ms="2" started-at="2020-01-26T04:57:57Z" finished-at="2020-01-26T04:57:57Z">
          <reporter-output>
          </reporter-output>
        </test-method> <!-- beforeTest -->
        <test-method status="FAIL" signature="GenericPEAPIMatchBackTestSet1()[pri:0, instance:com.smarteinc.api.tests.MatchBackTest@1169afe1]" name="GenericPEAPIMatchBackTestSet1" duration-ms="29218" started-at="2020-01-26T04:57:57Z" finished-at="2020-01-26T04:58:26Z">
          <exception class="java.lang.AssertionError">
            <message>
              <![CDATA[PE API script has failed]]>
            </message>
            <full-stacktrace>
              <![CDATA[java.lang.AssertionError: PE API script has failed
at org.testng.Assert.fail(Assert.java:96)
at com.smarteinc.api.tests.MatchBackTest.GenericPEAPIMatchBackTestSet1(MatchBackTest.java:149)
at sun.reflect.NativeMethodAccessorImpl.invoke0(Native Method)
at sun.reflect.NativeMethodAccessorImpl.invoke(NativeMethodAccessorImpl.java:62)
at sun.reflect.DelegatingMethodAccessorImpl.invoke(DelegatingMethodAccessorImpl.java:43)
at java.lang.reflect.Method.invoke(Method.java:498)
at org.testng.internal.MethodInvocationHelper.invokeMethod(MethodInvocationHelper.java:124)
at org.testng.internal.Invoker.invokeMethod(Invoker.java:583)
at org.testng.internal.Invoker.invokeTestMethod(Invoker.java:719)
at org.testng.internal.Invoker.invokeTestMethods(Invoker.java:989)
at org.testng.internal.TestMethodWorker.invokeTestMethods(TestMethodWorker.java:125)
at org.testng.internal.TestMethodWorker.run(TestMethodWorker.java:109)
at java.util.concurrent.ThreadPoolExecutor.runWorker(ThreadPoolExecutor.java:1149)
at java.util.concurrent.ThreadPoolExecutor$Worker.run(ThreadPoolExecutor.java:624)
at java.lang.Thread.run(Thread.java:748)
]]>
            </full-stacktrace>
          </exception> <!-- java.lang.AssertionError -->
          <reporter-output>
            <line>
              <![CDATA[Successfuly saved file to : C:/Users/Poonam Jha/poonam/com.smarteinc.automation/target/test-classes/TestData/MatchBack/NewCompMB-2.xlsx]]>
            </line>
            <line>
              <![CDATA[java.lang.AssertionError: PE API script has failed]]>
            </line>
          </reporter-output>
        </test-method> <!-- GenericPEAPIMatchBackTestSet1 -->
        <test-method status="FAIL" signature="GenericPEAPIMatchBackTestSet2()[pri:0, instance:com.smarteinc.api.tests.MatchBackTest@1169afe1]" name="GenericPEAPIMatchBackTestSet2" duration-ms="28378" started-at="2020-01-26T04:57:57Z" finished-at="2020-01-26T04:58:25Z">
          <exception class="java.lang.AssertionError">
            <message>
              <![CDATA[PE API script has failed]]>
            </message>
            <full-stacktrace>
              <![CDATA[java.lang.AssertionError: PE API script has failed
at org.testng.Assert.fail(Assert.java:96)
at com.smarteinc.api.tests.MatchBackTest.GenericPEAPIMatchBackTestSet2(MatchBackTest.java:226)
at sun.reflect.NativeMethodAccessorImpl.invoke0(Native Method)
at sun.reflect.NativeMethodAccessorImpl.invoke(NativeMethodAccessorImpl.java:62)
at sun.reflect.DelegatingMethodAccessorImpl.invoke(DelegatingMethodAccessorImpl.java:43)
at java.lang.reflect.Method.invoke(Method.java:498)
at org.testng.internal.MethodInvocationHelper.invokeMethod(MethodInvocationHelper.java:124)
at org.testng.internal.Invoker.invokeMethod(Invoker.java:583)
at org.testng.internal.Invoker.invokeTestMethod(Invoker.java:719)
at org.testng.internal.Invoker.invokeTestMethods(Invoker.java:989)
at org.testng.internal.TestMethodWorker.invokeTestMethods(TestMethodWorker.java:125)
at org.testng.internal.TestMethodWorker.run(TestMethodWorker.java:109)
at java.util.concurrent.ThreadPoolExecutor.runWorker(ThreadPoolExecutor.java:1149)
at java.util.concurrent.ThreadPoolExecutor$Worker.run(ThreadPoolExecutor.java:624)
at java.lang.Thread.run(Thread.java:748)
]]>
            </full-stacktrace>
          </exception> <!-- java.lang.AssertionError -->
          <reporter-output>
            <line>
              <![CDATA[Successfuly saved file to : C:/Users/Poonam Jha/poonam/com.smarteinc.automation/target/test-classes/TestData/MatchBack/NewCompMB-3.xlsx]]>
            </line>
            <line>
              <![CDATA[java.lang.AssertionError: PE API script has failed]]>
            </line>
          </reporter-output>
        </test-method> <!-- GenericPEAPIMatchBackTestSet2 -->
        <test-method status="PASS" signature="teardownManagers()[pri:0, instance:com.smarteinc.api.tests.MatchBackTest@1169afe1]" name="teardownManagers" is-config="true" duration-ms="14" started-at="2020-01-26T04:58:27Z" finished-at="2020-01-26T04:58:27Z">
          <reporter-output>
          </reporter-output>
        </test-method> <!-- teardownManagers -->
      </class> <!-- com.smarteinc.api.tests.MatchBackTest -->
    </test> <!-- Test -->
  </suite> <!-- Suite -->
</testng-results>
