<!DOCTYPE html PUBLIC "-//W3C//DTD XHTML 1.1//EN" "http://www.w3.org/TR/xhtml11/DTD/xhtml11.dtd">
<html xmlns="http://www.w3.org/1999/xhtml">
<head>
<meta http-equiv="content-type" content="text/html; charset=UTF-8"/>
<title>TestNG Report</title>
<style type="text/css">table {margin-bottom:10px;border-collapse:collapse;empty-cells:show}th,td {border:1px solid #009;padding:.25em .5em}th {vertical-align:bottom}td {vertical-align:top}table a {font-weight:bold}.stripe td {background-color: #E6EBF9}.num {text-align:right}.passedodd td {background-color: #3F3}.passedeven td {background-color: #0A0}.skippedodd td {background-color: #DDD}.skippedeven td {background-color: #CCC}.failedodd td,.attn {background-color: #F33}.failedeven td,.stripe .attn {background-color: #D00}.stacktrace {white-space:pre;font-family:monospace}.totop {font-size:85%;text-align:center;border-bottom:2px solid #000}.invisible {display:none}</style>
</head>
<body>
<table>
<tr><th>Test</th><th># Passed</th><th># Skipped</th><th># Failed</th><th>Time (ms)</th><th>Included Groups</th><th>Excluded Groups</th></tr>
<tr><th colspan="7">Default suite</th></tr>
<tr><td><a href="#t0">Default test</a></td><td class="num">0</td><td class="num">0</td><td class="num attn">1</td><td class="num">11,118</td><td></td><td></td></tr>
</table>
<table id='summary'><thead><tr><th>Class</th><th>Method</th><th>Start</th><th>Time (ms)</th></tr></thead><tbody><tr><th colspan="4">Default suite</th></tr></tbody><tbody id="t0"><tr><th colspan="4">Default test &#8212; failed</th></tr><tr class="failedeven"><td rowspan="1">com.smarteinc.api.tests.PEAPI_Modes</td><td><a href="#m0">verify_DGMode</a></td><td rowspan="1">1595924147346</td><td rowspan="1">11071</td></tr></tbody>
</table>
<h2>Default test</h2><h3 id="m0">com.smarteinc.api.tests.PEAPI_Modes#verify_DGMode</h3><table class="result"><tr><th>Messages</th></tr><tr><td><div class="messages">Creating cell<br/>Updated Fail Successfully in Col No : 19 and Row No : 1<br/>Creating cell<br/>Updated Row Id : 2,conGUIDRow Id : 2,compGUIDRow Id : 2,conEmailRow Id : 4,conGUIDRow Id : 4,compGUIDRow Id : 4,conEmailRow Id : 6,conGUIDRow Id : 6,compGUIDRow Id : 6,conEmailRow Id : 8,conGUIDRow Id : 8,compGUIDRow Id : 8,conEmailRow Id : 10,conGUIDRow Id : 10,compGUIDRow Id : 10,conEmailRow Id : 10,conEmailStatusRow Id : 11,conEmailRow Id : 11,conEmailStatusRow Id : 12,conGUIDRow Id : 12,compGUIDRow Id : 12,conEmailRow Id : 12,conEmailStatusRow Id : 14,conGUIDRow Id : 14,compGUIDRow Id : 14,conEmailRow Id : 14,conEmailStatusRow Id : 15,conEmailRow Id : 15,conEmailStatusRow Id : 16,conGUIDRow Id : 16,compGUIDRow Id : 16,conEmailRow Id : 16,conEmailStatus Successfully in Col No : 20 and Row No : 1<br/>Creating cell<br/>Updated Fail Successfully in Col No : 19 and Row No : 2<br/>Creating cell<br/>Updated Row Id : 2,conGUIDRow Id : 2,compGUIDRow Id : 2,conEmailRow Id : 4,conGUIDRow Id : 4,compGUIDRow Id : 4,conEmailRow Id : 6,conGUIDRow Id : 6,compGUIDRow Id : 6,conEmailRow Id : 8,conGUIDRow Id : 8,compGUIDRow Id : 8,conEmailRow Id : 10,conGUIDRow Id : 10,compGUIDRow Id : 10,conEmailRow Id : 10,conEmailStatusRow Id : 11,conEmailRow Id : 11,conEmailStatusRow Id : 12,conGUIDRow Id : 12,compGUIDRow Id : 12,conEmailRow Id : 12,conEmailStatusRow Id : 14,conGUIDRow Id : 14,compGUIDRow Id : 14,conEmailRow Id : 14,conEmailStatusRow Id : 15,conEmailRow Id : 15,conEmailStatusRow Id : 16,conGUIDRow Id : 16,compGUIDRow Id : 16,conEmailRow Id : 16,conEmailStatus Successfully in Col No : 20 and Row No : 2<br/>Successfuly saved file to : /C:/Code/Automation_Sanity/com.smarteinc.automation/target/test-classes/TestData/Mode/NewPEAPI_client.xlsx<br/>java.lang.AssertionError: Rule test has failed</div></td></tr><tr><th>Exception</th></tr><tr><td><div class="stacktrace">java.lang.AssertionError: Rule test has failed
	at org.testng.Assert.fail(Assert.java:96)
	at com.smarteinc.workflow.PEAPI_Mode.verifyPEAPIMode(PEAPI_Mode.java:147)
	at com.smarteinc.api.tests.PEAPI_Modes.verify_DGMode(PEAPI_Modes.java:200)
	at sun.reflect.NativeMethodAccessorImpl.invoke0(Native Method)
	at sun.reflect.NativeMethodAccessorImpl.invoke(Unknown Source)
	at sun.reflect.DelegatingMethodAccessorImpl.invoke(Unknown Source)
	at java.lang.reflect.Method.invoke(Unknown Source)
	at org.testng.internal.MethodInvocationHelper.invokeMethod(MethodInvocationHelper.java:124)
	at org.testng.internal.Invoker.invokeMethod(Invoker.java:583)
	at org.testng.internal.Invoker.invokeTestMethod(Invoker.java:719)
	at org.testng.internal.Invoker.invokeTestMethods(Invoker.java:989)
	at org.testng.internal.TestMethodWorker.invokeTestMethods(TestMethodWorker.java:125)
	at org.testng.internal.TestMethodWorker.run(TestMethodWorker.java:109)
	at org.testng.TestRunner.privateRun(TestRunner.java:648)
	at org.testng.TestRunner.run(TestRunner.java:505)
	at org.testng.SuiteRunner.runTest(SuiteRunner.java:455)
	at org.testng.SuiteRunner.runSequentially(SuiteRunner.java:450)
	at org.testng.SuiteRunner.privateRun(SuiteRunner.java:415)
	at org.testng.SuiteRunner.run(SuiteRunner.java:364)
	at org.testng.SuiteRunnerWorker.runSuite(SuiteRunnerWorker.java:52)
	at org.testng.SuiteRunnerWorker.run(SuiteRunnerWorker.java:84)
	at org.testng.TestNG.runSuitesSequentially(TestNG.java:1208)
	at org.testng.TestNG.runSuitesLocally(TestNG.java:1137)
	at org.testng.TestNG.runSuites(TestNG.java:1049)
	at org.testng.TestNG.run(TestNG.java:1017)
	at org.testng.remote.AbstractRemoteTestNG.run(AbstractRemoteTestNG.java:114)
	at org.testng.remote.RemoteTestNG.initAndRun(RemoteTestNG.java:251)
	at org.testng.remote.RemoteTestNG.main(RemoteTestNG.java:77)
</div></td></tr></table><p class="totop"><a href="#summary">back to summary</a></p>
</body>
</html>
